CS240: lab6. cs240 Mon Nov 9 09:01:53 EST 2015  Total:  0 of 100

CS240: lab6. cs240 Mon Nov 9 09:09:41 EST 2015  Total:  0 of 100

CS240: lab6. cs240 Mon Nov 9 09:11:19 EST 2015  Total:  0 of 100

CS240: lab6. cs240 Mon Nov 9 09:12:35 EST 2015  Total:  0 of 100

CS240: lab6. cs240 Mon Nov 9 09:13:07 EST 2015  Total:  0 of 100

CS240: lab6. cs240 Mon Nov 9 09:54:56 EST 2015  Total:  0 of 100

CS240: lab6. cs240 Mon Nov 9 09:55:51 EST 2015  Total:  0 of 100
0
100

CS240: lab6. cs240 Mon Nov 9 17:23:46 EST 2015  Total:  0 of 100
0
100

CS240: lab6. allenh1 Wed Nov 11 19:30:46 EST 2015  Total:  100 of 100

CS240: lab6. allenh1 Wed Nov 11 19:40:26 EST 2015  Total:  100 of 100

CS240: lab6. allenh1 Wed Nov 11 19:41:47 EST 2015  Total:  100 of 100

CS240: lab6. allenh1 Wed Nov 11 19:44:33 EST 2015  Total:  100 of 100

CS240: lab6. allenh1 Wed Nov 11 19:44:49 EST 2015  Total:  100 of 100

CS240: lab6. allenh1 Wed Nov 11 19:45:18 EST 2015  Total:  100 of 100

CS240: lab6. allenh1 Wed Nov 11 19:47:36 EST 2015  Total:  100 of 100

CS240: lab6. allenh1 Wed Nov 11 19:48:49 EST 2015  Total:  100 of 100

CS240: lab6. allenh1 Wed Nov 11 19:49:05 EST 2015  Total:  100 of 100

CS240: lab6. allenh1 Wed Nov 11 19:50:01 EST 2015  Total:  100 of 100

CS240: lab6. allenh1 Wed Nov 11 19:51:30 EST 2015  Total:  100 of 100

CS240: lab6. allenh1 Wed Nov 11 19:52:44 EST 2015  Total:  100 of 100

CS240: lab6. allenh1 Wed Nov 11 19:53:40 EST 2015  Total:  100 of 100

CS240: lab6. allenh1 Wed Nov 11 19:54:37 EST 2015  Total:  100 of 100

CS240: lab6. allenh1 Wed Nov 11 19:55:10 EST 2015  Total:  100 of 100

CS240: lab6. allenh1 Wed Nov 11 19:55:31 EST 2015  Total:  100 of 100

CS240: lab6. allenh1 Wed Nov 11 20:34:24 EST 2015  Total:  100 of 100

CS240: lab6. allenh1 Wed Nov 11 20:35:09 EST 2015  Total:  100 of 100

CS240: lab6. allenh1 Wed Nov 11 20:35:42 EST 2015  Total:  100 of 100

CS240: lab6. allenh1 Wed Nov 11 20:36:03 EST 2015  Total:  100 of 100

CS240: lab6. allenh1 Wed Nov 11 20:37:02 EST 2015  Total:  0 of 100

CS240: lab6. allenh1 Wed Nov 11 20:37:11 EST 2015  Total:  0 of 100

CS240: lab6. allenh1 Wed Nov 11 20:42:32 EST 2015  Total:  0 of 100

CS240: lab6. allenh1 Wed Nov 11 20:46:46 EST 2015  Total:  0 of 100

CS240: lab6. allenh1 /home/allenh1/CS/CS240-2015Labs/lab6-src/problems/arraylist-src Wed Nov 11 20:50:38 EST 2015  Total:  0 of 100
0
100

CS240: lab6. allenh1 /home/allenh1/CS/CS240-2015Labs/lab6-src/problems/arraylist-src Wed Nov 11 20:50:44 EST 2015  Total:  0 of 100
0
100

CS240: lab6. allenh1 /home/allenh1/CS/CS240-2015Labs/lab6-src/problems/arraylist-src Wed Nov 11 20:52:09 EST 2015  Total:  0 of 100
0
100

CS240: lab6. allenh1 /home/allenh1/CS/CS240-2015Labs/lab6-src/problems/arraylist-src Wed Nov 11 20:54:09 EST 2015  Total:  0 of 100
0
100

CS240: lab6. allenh1 /home/allenh1/CS/CS240-2015Labs/lab6-src/problems/arraylist-src Wed Nov 11 21:01:33 EST 2015  Total:  0 of 100
0
100

CS240: lab6. cs240 /homes/cs240/2015Fall/lab6-cpp-intro/CS240-2015Labs/lab6-src/problems/arraylist-src Wed Nov 11 21:03:30 EST 2015  Total:  0 of 100
0
100

CS240: lab6. cs240 /homes/cs240/2015Fall/lab6-cpp-intro/CS240-2015Labs/lab6-src/problems/arraylist-src Wed Nov 11 21:07:12 EST 2015  Total:  0 of 100
0
100

CS240: lab6. cs240 /homes/cs240/2015Fall/lab6-cpp-intro/CS240-2015Labs/lab6-src/problems/arraylist-src Wed Nov 11 21:08:01 EST 2015  Total:  0 of 100
0
100

CS240: lab6. arayabha /homes/arayabha/cs240/lab6-src/problems/arraylist-src Wed Nov 18 16:39:55 EST 2015  Total:  0 of 100
0
100

CS240: lab6. arayabha /homes/arayabha/cs240/lab6-src/problems/arraylist-src Wed Nov 18 17:26:41 EST 2015  Total:  10 of 100
10
100

CS240: lab6. arayabha /homes/arayabha/cs240/lab6-src/problems/arraylist-src Wed Nov 18 17:39:53 EST 2015  Total:  50 of 100
50
100

CS240: lab6. arayabha /homes/arayabha/cs240/lab6-src/problems/arraylist-src Wed Nov 18 17:44:17 EST 2015  Total:  50 of 100
50
100

CS240: lab6. arayabha /homes/arayabha/cs240/lab6-src/problems/arraylist-src Wed Nov 18 17:47:17 EST 2015  Total:  40 of 100
40
100

CS240: lab6. arayabha /homes/arayabha/cs240/lab6-src/problems/arraylist-src Wed Nov 18 18:02:57 EST 2015  Total:  50 of 100
50
100

CS240: lab6. arayabha /homes/arayabha/cs240/lab6-src/problems/arraylist-src Wed Nov 18 18:04:33 EST 2015  Total:  60 of 100
60
100

CS240: lab6. arayabha /homes/arayabha/cs240/lab6-src/problems/arraylist-src Wed Nov 18 18:07:55 EST 2015  Total:  60 of 100
60
100

CS240: lab6. arayabha /homes/arayabha/cs240/lab6-src/problems/arraylist-src Wed Nov 18 18:09:41 EST 2015  Total:  70 of 100
70
100

CS240: lab6. arayabha /homes/arayabha/cs240/lab6-src/problems/arraylist-src Wed Nov 18 18:15:16 EST 2015  Total:  70 of 100
70
100

CS240: lab6. arayabha /homes/arayabha/cs240/lab6-src/problems/arraylist-src Wed Nov 18 18:17:26 EST 2015  Total:  70 of 100
70
100

CS240: lab6. arayabha /homes/arayabha/cs240/lab6-src/problems/arraylist-src Wed Nov 18 18:18:05 EST 2015  Total:  70 of 100
70
100

CS240: lab6. arayabha /homes/arayabha/cs240/lab6-src/problems/arraylist-src Wed Nov 18 18:19:06 EST 2015  Total:  70 of 100
70
100

CS240: lab6. arayabha /homes/arayabha/cs240/lab6-src/problems/arraylist-src Wed Nov 18 18:19:52 EST 2015  Total:  70 of 100
70
100

CS240: lab6. arayabha /homes/arayabha/cs240/lab6-src/problems/arraylist-src Wed Nov 18 18:20:57 EST 2015  Total:  70 of 100
70
100

CS240: lab6. arayabha /homes/arayabha/cs240/lab6-src/problems/arraylist-src Wed Nov 18 18:22:48 EST 2015  Total:  70 of 100
70
100

CS240: lab6. arayabha /homes/arayabha/cs240/lab6-src/problems/arraylist-src Wed Nov 18 18:23:45 EST 2015  Total:  70 of 100
70
100

CS240: lab6. arayabha /homes/arayabha/cs240/lab6-src/problems/arraylist-src Wed Nov 18 18:30:25 EST 2015  Total:  70 of 100
70
100

CS240: lab6. arayabha /homes/arayabha/cs240/lab6-src/problems/arraylist-src Wed Nov 18 18:31:27 EST 2015  Total:  70 of 100
70
100

CS240: lab6. arayabha /homes/arayabha/cs240/lab6-src/problems/arraylist-src Wed Nov 18 18:40:09 EST 2015  Total:  70 of 100
70
100

CS240: lab6. arayabha /homes/arayabha/cs240/lab6-src/problems/arraylist-src Wed Nov 18 18:43:08 EST 2015  Total:  70 of 100
70
100

CS240: lab6. arayabha /homes/arayabha/cs240/lab6-src/problems/arraylist-src Wed Nov 18 18:45:01 EST 2015  Total:  80 of 100
80
100

CS240: lab6. arayabha /homes/arayabha/cs240/lab6-src/problems/arraylist-src Wed Nov 18 18:52:37 EST 2015  Total:  70 of 100
70
100

CS240: lab6. arayabha /homes/arayabha/cs240/lab6-src/problems/arraylist-src Wed Nov 18 18:53:24 EST 2015  Total:  80 of 100
80
100

CS240: lab6. arayabha /homes/arayabha/cs240/lab6-src/problems/arraylist-src Wed Nov 18 18:56:57 EST 2015  Total:  80 of 100
80
100

CS240: lab6. arayabha /homes/arayabha/cs240/lab6-src/problems/arraylist-src Wed Nov 18 18:58:35 EST 2015  Total:  80 of 100
80
100

CS240: lab6. arayabha /homes/arayabha/cs240/lab6-src/problems/arraylist-src Wed Nov 18 19:18:48 EST 2015  Total:  90 of 100
90
100

CS240: lab6. arayabha /homes/arayabha/cs240/lab6-src/problems/arraylist-src Wed Nov 18 19:19:02 EST 2015  Total:  90 of 100
90
100

CS240: lab6. arayabha /homes/arayabha/cs240/lab6-src/problems/arraylist-src Wed Nov 18 19:19:26 EST 2015  Total:  90 of 100
90
100

CS240: lab6. arayabha /homes/arayabha/cs240/lab6-src/problems/arraylist-src Wed Nov 18 19:20:26 EST 2015  Total:  90 of 100
90
100

CS240: lab6. arayabha /homes/arayabha/cs240/lab6-src/problems/arraylist-src Wed Nov 18 19:24:18 EST 2015  Total:  90 of 100
90
100

CS240: lab6. arayabha /homes/arayabha/cs240/lab6-src/problems/arraylist-src Wed Nov 18 19:25:52 EST 2015  Total:  90 of 100
90
100

CS240: lab6. arayabha /homes/arayabha/cs240/lab6-src/problems/arraylist-src Wed Nov 18 19:28:05 EST 2015  Total:  100 of 100
100
100

CS240: lab6. arayabha /homes/arayabha/cs240/lab6-src/problems/arraylist-src Wed Nov 18 19:33:37 EST 2015  Total:  100 of 100
100
100

CS240: lab6. arayabha /homes/arayabha/cs240/lab6-src/problems/arraylist-src Wed Nov 18 19:52:31 EST 2015  Total:  100 of 100
100
100

CS240: lab6. arayabha /homes/arayabha/cs240/lab6-src/problems/arraylist-src Fri Nov 20 20:23:49 EST 2015  Total:  100 of 100
100
100

CS240: lab6. arayabha /homes/arayabha/cs240/lab6-src/problems/arraylist-src Fri Nov 20 21:11:21 EST 2015  Total:  100 of 100
100
100

CS240: lab6. arayabha /homes/arayabha/cs240/lab6-src/problems/arraylist-src Fri Nov 20 21:31:24 EST 2015  Total:  100 of 100
100
100

CS240: lab6. arayabha /homes/arayabha/cs240/lab6-src/problems/arraylist-src Fri Nov 20 21:37:04 EST 2015  Total:  100 of 100
100
100

CS240: lab6. arayabha /homes/arayabha/cs240/lab6-src/problems/arraylist-src Fri Nov 20 21:46:45 EST 2015  Total:  100 of 100
100
100

CS240: lab6. arayabha /homes/arayabha/cs240/lab6-src/problems/arraylist-src Fri Nov 20 21:53:36 EST 2015  Total:  100 of 100
100
100

CS240: lab6. arayabha /homes/arayabha/cs240/lab6-src/problems/arraylist-src Fri Nov 20 21:55:21 EST 2015  Total:  100 of 100
100
100

CS240: lab6. arayabha /homes/arayabha/cs240/lab6-src/problems/arraylist-src Fri Nov 20 22:44:11 EST 2015  Total:  100 of 100
100
100

CS240: lab6. arayabha /homes/arayabha/cs240/lab6-src/problems/arraylist-src Fri Nov 20 23:09:32 EST 2015  Total:  100 of 100
100
100

CS240: lab6. arayabha /homes/arayabha/cs240/lab6-src/problems/arraylist-src Fri Nov 20 23:24:13 EST 2015  Total:  100 of 100
100
100

CS240: lab6. arayabha /homes/arayabha/cs240/lab6-src/problems/arraylist-src Fri Nov 20 23:58:26 EST 2015  Total:  100 of 100
100
100

CS240: lab6. arayabha /homes/arayabha/cs240/lab6-src/problems/arraylist-src Tue Dec 1 12:09:08 EST 2015  Total:  100 of 100
100
100

CS240: lab6. arayabha /homes/arayabha/cs240/lab6-src/problems/arraylist-src Sun Nov 6 17:34:55 EST 2016  Total:  100 of 100
100
100

